c:\users\tin\source\repos\diplomski\x64\release\alpha.ipdb
c:\users\tin\source\repos\diplomski\x64\release\alpha.iobj
c:\users\tin\source\repos\diplomski\alpha\x64\release\vc142.pdb
c:\users\tin\source\repos\diplomski\alpha\x64\release\worldconstants.obj
c:\users\tin\source\repos\diplomski\alpha\x64\release\vec4.obj
c:\users\tin\source\repos\diplomski\alpha\x64\release\vec3i.obj
c:\users\tin\source\repos\diplomski\alpha\x64\release\vec3.obj
c:\users\tin\source\repos\diplomski\alpha\x64\release\vec2i.obj
c:\users\tin\source\repos\diplomski\alpha\x64\release\vec2.obj
c:\users\tin\source\repos\diplomski\alpha\x64\release\time.obj
c:\users\tin\source\repos\diplomski\alpha\x64\release\textureloader.obj
c:\users\tin\source\repos\diplomski\alpha\x64\release\stringmanipulation.obj
c:\users\tin\source\repos\diplomski\alpha\x64\release\quaternion.obj
c:\users\tin\source\repos\diplomski\alpha\x64\release\modelloader.obj
c:\users\tin\source\repos\diplomski\alpha\x64\release\math.obj
c:\users\tin\source\repos\diplomski\alpha\x64\release\mat4.obj
c:\users\tin\source\repos\diplomski\alpha\x64\release\marchingcubes.obj
c:\users\tin\source\repos\diplomski\alpha\x64\release\input.obj
c:\users\tin\source\repos\diplomski\alpha\x64\release\display.obj
c:\users\tin\source\repos\diplomski\alpha\x64\release\gameobjects.obj
c:\users\tin\source\repos\diplomski\alpha\x64\release\fontloader.obj
c:\users\tin\source\repos\diplomski\alpha\x64\release\main.obj
c:\users\tin\source\repos\diplomski\alpha\x64\release\vec4i.obj
c:\users\tin\source\repos\diplomski\x64\release\alpha.exe
c:\users\tin\source\repos\diplomski\x64\release\alpha.pdb
c:\users\tin\source\repos\diplomski\alpha\x64\release\alpha.tlog\alpha.write.1u.tlog
c:\users\tin\source\repos\diplomski\alpha\x64\release\alpha.tlog\cl.command.1.tlog
c:\users\tin\source\repos\diplomski\alpha\x64\release\alpha.tlog\cl.read.1.tlog
c:\users\tin\source\repos\diplomski\alpha\x64\release\alpha.tlog\cl.write.1.tlog
c:\users\tin\source\repos\diplomski\alpha\x64\release\alpha.tlog\link.command.1.tlog
c:\users\tin\source\repos\diplomski\alpha\x64\release\alpha.tlog\link.read.1.tlog
c:\users\tin\source\repos\diplomski\alpha\x64\release\alpha.tlog\link.write.1.tlog
