c:\users\tin\source\repos\diplomski\alpha\x64\debug\vc142.pdb
c:\users\tin\source\repos\diplomski\alpha\x64\debug\vc142.idb
c:\users\tin\source\repos\diplomski\alpha\x64\debug\worldconstants.obj
c:\users\tin\source\repos\diplomski\alpha\x64\debug\vec4.obj
c:\users\tin\source\repos\diplomski\alpha\x64\debug\vec3i.obj
c:\users\tin\source\repos\diplomski\alpha\x64\debug\vec3.obj
c:\users\tin\source\repos\diplomski\alpha\x64\debug\vec2i.obj
c:\users\tin\source\repos\diplomski\alpha\x64\debug\vec2.obj
c:\users\tin\source\repos\diplomski\alpha\x64\debug\time.obj
c:\users\tin\source\repos\diplomski\alpha\x64\debug\textureloader.obj
c:\users\tin\source\repos\diplomski\alpha\x64\debug\stringmanipulation.obj
c:\users\tin\source\repos\diplomski\alpha\x64\debug\quaternion.obj
c:\users\tin\source\repos\diplomski\alpha\x64\debug\modelloader.obj
c:\users\tin\source\repos\diplomski\alpha\x64\debug\math.obj
c:\users\tin\source\repos\diplomski\alpha\x64\debug\mat4.obj
c:\users\tin\source\repos\diplomski\alpha\x64\debug\marchingcubes.obj
c:\users\tin\source\repos\diplomski\alpha\x64\debug\main.obj
c:\users\tin\source\repos\diplomski\alpha\x64\debug\input.obj
c:\users\tin\source\repos\diplomski\alpha\x64\debug\display.obj
c:\users\tin\source\repos\diplomski\alpha\x64\debug\gameobjects.obj
c:\users\tin\source\repos\diplomski\alpha\x64\debug\fontloader.obj
c:\users\tin\source\repos\diplomski\x64\debug\alpha.ilk
c:\users\tin\source\repos\diplomski\x64\debug\alpha.exe
c:\users\tin\source\repos\diplomski\x64\debug\alpha.pdb
c:\users\tin\source\repos\diplomski\alpha\x64\debug\activecamera.obj
c:\users\tin\source\repos\diplomski\alpha\x64\debug\mousepickerorthographic.obj
c:\users\tin\source\repos\diplomski\alpha\x64\debug\mousepickerperspective.obj
c:\users\tin\source\repos\diplomski\alpha\x64\debug\alpha.tlog\cl.command.1.tlog
c:\users\tin\source\repos\diplomski\alpha\x64\debug\alpha.tlog\cl.read.1.tlog
c:\users\tin\source\repos\diplomski\alpha\x64\debug\alpha.tlog\cl.write.1.tlog
c:\users\tin\source\repos\diplomski\alpha\x64\debug\alpha.tlog\link.command.1.tlog
c:\users\tin\source\repos\diplomski\alpha\x64\debug\alpha.tlog\link.read.1.tlog
c:\users\tin\source\repos\diplomski\alpha\x64\debug\alpha.tlog\link.write.1.tlog
