c:\users\tin\source\repos\marchingcubes\release\alpha.ipdb
c:\users\tin\source\repos\marchingcubes\release\alpha.iobj
c:\users\tin\source\repos\marchingcubes\alpha\release\vc142.pdb
c:\users\tin\source\repos\marchingcubes\alpha\release\worldconstants.obj
c:\users\tin\source\repos\marchingcubes\alpha\release\vec4.obj
c:\users\tin\source\repos\marchingcubes\alpha\release\vec3i.obj
c:\users\tin\source\repos\marchingcubes\alpha\release\vec3.obj
c:\users\tin\source\repos\marchingcubes\alpha\release\vec2i.obj
c:\users\tin\source\repos\marchingcubes\alpha\release\vec2.obj
c:\users\tin\source\repos\marchingcubes\alpha\release\time.obj
c:\users\tin\source\repos\marchingcubes\alpha\release\textureloader.obj
c:\users\tin\source\repos\marchingcubes\alpha\release\stringmanipulation.obj
c:\users\tin\source\repos\marchingcubes\alpha\release\quaternion.obj
c:\users\tin\source\repos\marchingcubes\alpha\release\modelloader.obj
c:\users\tin\source\repos\marchingcubes\alpha\release\math.obj
c:\users\tin\source\repos\marchingcubes\alpha\release\mat4.obj
c:\users\tin\source\repos\marchingcubes\alpha\release\marchingcubes.obj
c:\users\tin\source\repos\marchingcubes\alpha\release\input.obj
c:\users\tin\source\repos\marchingcubes\alpha\release\display.obj
c:\users\tin\source\repos\marchingcubes\alpha\release\main.obj
c:\users\tin\source\repos\marchingcubes\alpha\release\gameobjects.obj
c:\users\tin\source\repos\marchingcubes\alpha\release\fontloader.obj
c:\users\tin\source\repos\marchingcubes\release\alpha.exe
c:\users\tin\source\repos\marchingcubes\release\alpha.pdb
c:\users\tin\source\repos\marchingcubes\alpha\release\alpha.tlog\alpha.write.1u.tlog
c:\users\tin\source\repos\marchingcubes\alpha\release\alpha.tlog\cl.command.1.tlog
c:\users\tin\source\repos\marchingcubes\alpha\release\alpha.tlog\cl.read.1.tlog
c:\users\tin\source\repos\marchingcubes\alpha\release\alpha.tlog\cl.write.1.tlog
c:\users\tin\source\repos\marchingcubes\alpha\release\alpha.tlog\link.command.1.tlog
c:\users\tin\source\repos\marchingcubes\alpha\release\alpha.tlog\link.read.1.tlog
c:\users\tin\source\repos\marchingcubes\alpha\release\alpha.tlog\link.write.1.tlog
