  FontLoader.cpp
  GameObjects.cpp
  Main.cpp
C:\Users\Tin\source\repos\Diplomski\Alpha\MarchingCubeRenderer.h(35,1): warning C4305: 'argument': truncation from 'double' to 'float'
C:\Users\Tin\source\repos\Diplomski\Alpha\MarchingCubes.h(142,23): warning C4018: '<': signed/unsigned mismatch
C:\Users\Tin\source\repos\Diplomski\Alpha\MarchingCubes.h(143,24): warning C4018: '<': signed/unsigned mismatch
C:\Users\Tin\source\repos\Diplomski\Alpha\MarchingCubes.h(144,25): warning C4018: '<': signed/unsigned mismatch
C:\Users\Tin\source\repos\Diplomski\Alpha\MarchingCubes.h(159,63): warning C4244: 'argument': conversion from 'float' to 'const int', possible loss of data
C:\Users\Tin\source\repos\Diplomski\Alpha\MarchingCubes.h(159,35): warning C4244: 'argument': conversion from 'float' to 'const int', possible loss of data
C:\Users\Tin\source\repos\Diplomski\Alpha\MarchingCubes.h(166,21): warning C4018: '<': signed/unsigned mismatch
C:\Users\Tin\source\repos\Diplomski\Alpha\MarchingCubes.h(167,22): warning C4018: '<': signed/unsigned mismatch
C:\Users\Tin\source\repos\Diplomski\Alpha\MarchingCubes.h(168,23): warning C4018: '<': signed/unsigned mismatch
C:\Users\Tin\source\repos\Diplomski\Alpha\MarchingCubes.h(177,12): warning C4101: 'intPart': unreferenced local variable
C:\Users\Tin\source\repos\Diplomski\Alpha\MarchingCubes.h(214,21): warning C4018: '<': signed/unsigned mismatch
C:\Users\Tin\source\repos\Diplomski\Alpha\MarchingCubes.h(215,22): warning C4018: '<': signed/unsigned mismatch
C:\Users\Tin\source\repos\Diplomski\Alpha\MarchingCubes.h(216,23): warning C4018: '<': signed/unsigned mismatch
C:\Users\Tin\source\repos\Diplomski\Alpha\MarchingCubes.h(224,21): warning C4018: '<': signed/unsigned mismatch
C:\Users\Tin\source\repos\Diplomski\Alpha\MarchingCubes.h(225,22): warning C4018: '<': signed/unsigned mismatch
C:\Users\Tin\source\repos\Diplomski\Alpha\MarchingCubes.h(226,23): warning C4018: '<': signed/unsigned mismatch
C:\Users\Tin\source\repos\Diplomski\Alpha\Main.cpp(48,181): warning C4305: 'argument': truncation from 'double' to 'float'
C:\Users\Tin\source\repos\Diplomski\Alpha\Main.cpp(58,84): warning C4244: 'argument': conversion from 'double' to 'float', possible loss of data
C:\Users\Tin\source\repos\Diplomski\Alpha\Main.cpp(64,20): warning C4018: '<': signed/unsigned mismatch
C:\Program Files (x86)\Microsoft Visual Studio\2019\Community\VC\Tools\MSVC\14.27.29110\include\xmemory(694,103): warning C4244: 'argument': conversion from '_Ty' to 'const float', possible loss of data
          with
          [
              _Ty=int
          ]
C:\Program Files (x86)\Microsoft Visual Studio\2019\Community\VC\Tools\MSVC\14.27.29110\include\vector(682): message : see reference to function template instantiation 'void std::_Default_allocator_traits<_Alloc>::construct<_Ty,int,int,int>(_Alloc &,_Objty *const ,int &&,int &&,int &&)' being compiled
          with
          [
              _Alloc=std::allocator<Vec3>,
              _Ty=Vec3,
              _Objty=Vec3
          ]
C:\Program Files (x86)\Microsoft Visual Studio\2019\Community\VC\Tools\MSVC\14.27.29110\include\vector(687): message : see reference to function template instantiation 'void std::_Default_allocator_traits<_Alloc>::construct<_Ty,int,int,int>(_Alloc &,_Objty *const ,int &&,int &&,int &&)' being compiled
          with
          [
              _Alloc=std::allocator<Vec3>,
              _Ty=Vec3,
              _Objty=Vec3
          ]
C:\Program Files (x86)\Microsoft Visual Studio\2019\Community\VC\Tools\MSVC\14.27.29110\include\vector(700): message : see reference to function template instantiation '_Ty &std::vector<_Ty,std::allocator<_Ty>>::_Emplace_back_with_unused_capacity<int,int,int>(int &&,int &&,int &&)' being compiled
          with
          [
              _Ty=Vec3
          ]
C:\Users\Tin\source\repos\Diplomski\Alpha\MarchingCubes.h(45): message : see reference to function template instantiation '_Ty &std::vector<_Ty,std::allocator<_Ty>>::emplace_back<int,int,int>(int &&,int &&,int &&)' being compiled
          with
          [
              _Ty=Vec3
          ]
  TextureLoader.cpp
LINK : warning LNK4098: defaultlib 'LIBCMT' conflicts with use of other libs; use /NODEFAULTLIB:library
  Generating code
  501 of 2397 functions (20.9%) were compiled, the rest were copied from previous compilation.
    54 functions were new in current compilation
    92 functions had inline decision re-evaluated but remain unchanged
  Finished generating code
glew32s.lib(glew.obj) : warning LNK4099: PDB 'vc120.pdb' was not found with 'glew32s.lib(glew.obj)' or at 'C:\Users\Tin\source\repos\Diplomski\Release\vc120.pdb'; linking object as if no debug info
  Alpha.vcxproj -> C:\Users\Tin\source\repos\Diplomski\Release\Alpha.exe
