c:\users\tin\source\repos\diplomski\alpha\debug\vc142.pdb
c:\users\tin\source\repos\diplomski\alpha\debug\vc142.idb
c:\users\tin\source\repos\diplomski\alpha\debug\worldconstants.obj
c:\users\tin\source\repos\diplomski\alpha\debug\vec4.obj
c:\users\tin\source\repos\diplomski\alpha\debug\vec3i.obj
c:\users\tin\source\repos\diplomski\alpha\debug\vec3.obj
c:\users\tin\source\repos\diplomski\alpha\debug\vec2i.obj
c:\users\tin\source\repos\diplomski\alpha\debug\vec2.obj
c:\users\tin\source\repos\diplomski\alpha\debug\time.obj
c:\users\tin\source\repos\diplomski\alpha\debug\textureloader.obj
c:\users\tin\source\repos\diplomski\alpha\debug\stringmanipulation.obj
c:\users\tin\source\repos\diplomski\alpha\debug\quaternion.obj
c:\users\tin\source\repos\diplomski\alpha\debug\modelloader.obj
c:\users\tin\source\repos\diplomski\alpha\debug\math.obj
c:\users\tin\source\repos\diplomski\alpha\debug\mat4.obj
c:\users\tin\source\repos\diplomski\alpha\debug\marchingcubes.obj
c:\users\tin\source\repos\diplomski\alpha\debug\main.obj
c:\users\tin\source\repos\diplomski\alpha\debug\input.obj
c:\users\tin\source\repos\diplomski\alpha\debug\display.obj
c:\users\tin\source\repos\diplomski\alpha\debug\gameobjects.obj
c:\users\tin\source\repos\diplomski\alpha\debug\fontloader.obj
c:\users\tin\source\repos\diplomski\debug\alpha.exe
c:\users\tin\source\repos\diplomski\debug\alpha.ilk
c:\users\tin\source\repos\diplomski\debug\alpha.pdb
c:\users\tin\source\repos\diplomski\alpha\debug\alpha.tlog\cl.command.1.tlog
c:\users\tin\source\repos\diplomski\alpha\debug\alpha.tlog\cl.read.1.tlog
c:\users\tin\source\repos\diplomski\alpha\debug\alpha.tlog\cl.write.1.tlog
c:\users\tin\source\repos\diplomski\alpha\debug\alpha.tlog\link.command.1.tlog
c:\users\tin\source\repos\diplomski\alpha\debug\alpha.tlog\link.read.1.tlog
c:\users\tin\source\repos\diplomski\alpha\debug\alpha.tlog\link.write.1.tlog
